info: GET en /loggerTest - 14:11:20
warning: GET en /loggerTest - 14:11:20
error: GET en /loggerTest - 14:11:20
fatal: GET en /loggerTest - 14:11:20
info: GET en /loggerTest - 14:13:18
warning: GET en /loggerTest - 14:13:18
error: GET en /loggerTest - 14:13:18
fatal: GET en /loggerTest - 14:13:18
info: GET en /loggerTest - 14:13:43
warning: GET en /loggerTest - 14:13:43
error: GET en /loggerTest - 14:13:43
fatal: GET en /loggerTest - 14:13:43
warning: GET en / - 00:10:31
warning: GET en / - 23:57:37
warning: GET en / - 11:10:06
warning: GET en / - 11:10:11
warning: GET en / - 11:11:07
warning: GET en / - 14:35:15
warning: GET en / - 16:59:28
warning: GET en / - 16:59:34
warning: GET en / - 22:46:23
warning: GET en / - 22:50:01
warning: GET en / - 22:51:05
warning: GET en / - 20:40:37
warning: GET en / - 22:58:33
warning: GET en / - 16:05:02
warning: GET en / - 16:05:07
warning: GET en / - 16:15:25
warning: GET en / - 19:56:55
warning: GET en / - 19:56:58
warning: GET en / - 20:00:56
warning: GET en / - 20:04:52
warning: GET en / - 00:47:40
warning: GET en / - 22:27:07
warning: GET en / - 21:33:49
warning: GET en / - 21:41:43
warning: GET en / - 15:44:44
warning: GET en / - 15:49:22
warning: GET en / - 15:51:18
warning: GET en / - 15:52:48
warning: GET en / - 15:57:28
warning: GET en / - 15:59:18
warning: GET en / - 16:02:05
warning: GET en / - 16:02:13
warning: GET en / - 16:04:09
warning: GET en / - 16:04:18
warning: GET en / - 16:06:12
warning: GET en / - 18:20:30
warning: GET en / - 16:11:23
warning: GET en / - 16:16:36
warning: GET en / - 16:30:31
warning: GET en / - 16:51:10
warning: GET en / - 16:53:36
warning: GET en / - 17:01:44
warning: GET en / - 17:01:51
warning: GET en / - 17:02:00
warning: GET en / - 17:42:37
warning: GET en / - 17:46:29
warning: GET en / - 17:46:46
warning: GET en / - 17:46:53
warning: GET en / - 17:47:40
warning: GET en / - 13:45:00
warning: GET en / - 13:45:36
warning: GET en / - 13:47:21
warning: GET en / - 14:08:43
warning: GET en / - 14:42:29
warning: GET en / - 14:52:34
warning: GET en / - 15:16:48
warning: GET en / - 16:05:11
warning: GET en / - 17:58:52
warning: GET en / - 15:06:36
warning: GET en / - 16:35:38
warning: GET en / - 12:25:39
warning: GET en / - 14:17:38
warning: GET en / - 16:21:56
warning: GET en / - 16:22:07
warning: GET en / - 15:23:51
warning: GET en / - 15:25:52
warning: GET en / - 15:26:04
warning: GET en / - 15:30:47
warning: GET en / - 15:31:17
warning: GET en / - 15:31:21
warning: GET en / - 15:31:25
warning: GET en / - 15:31:28
warning: GET en / - 15:31:31
warning: GET en / - 15:36:38
warning: GET en / - 15:40:29
warning: GET en / - 15:40:36
warning: GET en / - 15:41:22
warning: GET en / - 15:49:19
warning: GET en / - 15:49:36
warning: GET en / - 15:50:18
warning: GET en / - 15:50:33
warning: GET en / - 15:50:43
warning: GET en / - 15:55:55
warning: GET en / - 15:56:30
warning: GET en / - 16:09:26
warning: GET en / - 16:09:54
warning: GET en / - 16:58:21
warning: GET en / - 16:58:24
warning: GET en / - 23:14:26
warning: GET en / - 23:40:30
warning: GET en / - 23:47:56
warning: GET en / - 23:51:08
warning: GET en / - 23:55:45
warning: GET en / - 23:55:59
warning: GET en / - 23:56:02
warning: GET en / - 23:57:56
warning: GET en / - 23:58:03
warning: GET en / - 23:58:09
warning: GET en / - 23:58:13
warning: GET en / - 23:58:25
warning: GET en / - 23:58:28
warning: GET en / - 23:58:31
warning: GET en / - 23:58:46
warning: GET en / - 00:00:44
warning: GET en / - 00:02:07
warning: GET en / - 00:02:24
warning: GET en / - 00:03:01
warning: GET en / - 00:03:08
warning: GET en / - 00:06:59
warning: GET en / - 00:07:25
warning: GET en / - 00:07:55
warning: GET en / - 00:12:55
warning: GET en / - 00:13:01
warning: GET en / - 00:24:24
warning: GET en / - 00:24:35
warning: GET en / - 00:29:07
warning: GET en / - 00:29:16
warning: GET en / - 00:29:38
warning: GET en / - 00:34:30
warning: GET en / - 00:38:25
warning: GET en / - 00:38:31
warning: GET en / - 00:40:23
warning: GET en / - 00:40:44
warning: GET en / - 00:42:36
warning: GET en / - 00:43:04
warning: GET en / - 00:49:55
warning: GET en / - 01:00:13
warning: GET en / - 01:00:20
warning: GET en / - 01:00:28
warning: GET en / - 01:02:18
warning: GET en / - 01:02:24
warning: GET en / - 01:03:16
warning: GET en / - 01:06:49
warning: GET en / - 15:48:40
warning: GET en / - 15:48:58
warning: GET en / - 15:49:28
warning: GET en / - 06:26:36
warning: GET en / - 06:27:04
warning: GET en / - 06:28:21
warning: GET en / - 06:28:26
warning: GET en / - 06:28:49
warning: GET en / - 06:29:58
warning: GET en / - 06:30:05
warning: GET en / - 06:32:16
warning: GET en / - 06:33:03
warning: GET en / - 06:34:48
warning: GET en / - 06:35:04
warning: GET en / - 06:36:47
warning: GET en / - 06:36:56
warning: GET en / - 06:38:42
warning: GET en / - 06:40:48
warning: GET en / - 06:41:16
warning: GET en / - 10:05:09
warning: GET en / - 10:05:49
warning: GET en / - 10:07:12
warning: GET en / - 10:07:34
warning: GET en / - 10:07:39
warning: GET en / - 10:07:42
warning: GET en / - 10:07:43
warning: GET en / - 10:09:08
warning: GET en / - 10:09:15
warning: GET en / - 10:10:14
warning: GET en / - 10:11:05
warning: GET en / - 22:09:15
warning: GET en / - 22:14:20
warning: GET en / - 22:19:50
warning: GET en / - 22:20:47
warning: GET en / - 22:21:02
warning: GET en / - 22:21:07
warning: GET en / - 22:21:16
warning: GET en / - 22:21:18
warning: GET en / - 22:21:24
warning: GET en / - 22:30:42
warning: GET en / - 22:46:22
warning: GET en / - 22:46:25
warning: GET en / - 22:47:09
warning: GET en / - 22:47:49
warning: GET en / - 22:48:09
warning: GET en / - 22:48:27
warning: GET en / - 22:49:51
warning: GET en / - 22:50:03
warning: GET en / - 22:50:42
warning: GET en / - 22:51:15
warning: GET en / - 22:53:06
warning: GET en / - 04:34:30
warning: GET en / - 04:34:33
warning: GET en / - 04:34:54
warning: GET en / - 04:36:27
warning: GET en / - 04:36:33
warning: GET en / - 04:37:22
warning: GET en / - 04:37:58
warning: GET en / - 04:48:15
warning: GET en / - 04:54:28
warning: GET en / - 04:54:37
warning: GET en / - 06:09:10
warning: GET en / - 06:22:04
warning: GET en / - 06:22:07
warning: GET en / - 06:25:14
warning: GET en / - 06:40:57
warning: GET en / - 06:43:28
